********************************************************************************
DUPLICATOR-LITE PACKAGE-LOG: 4 February 2021 14h24
NOTICE: Do NOT post to public sites or forums 
********************************************************************************
VERSION:	1.3.40.1
WORDPRESS:	5.6
PHP INFO:	7.3.21 | SAPI: apache2handler
SERVER:		Apache/2.4.46 (Win64) PHP/7.3.21 
PHP TIME LIMIT: (0) no time limit imposed 
PHP MAX MEMORY: 4294967296 (256M default) 
MEMORY STACK: 4MB

********************************************************************************
DATABASE:
********************************************************************************
BUILD MODE:   PHP(query limit - 100)
MYSQLTIMEOUT: 5000
MYSQLDUMP:    Not Supported
TABLES: total:17 | filtered:0 | create:17
FILTERED: []
SQL CREATED: 20210204_evaluationwordpressfront_315e8d1719ac457a1120_20210204142341_database.sql
SQL FILE SIZE: 646.43KB (661948)
SQL FILE TIME: 2021-02-04 14:24:03
SQL RUNTIME: 0.81 sec.

********************************************************************************
ARCHIVE (ZIP):
********************************************************************************
ARCHIVE DIR:  C:/Users/59011-95-20/Documents/DWWM2020-2/evalwp/wordpress
ARCHIVE FILE: 20210204_evaluationwordpressfront_315e8d1719ac457a1120_20210204142341_archive.zip
FILTERS: *OFF*
DIRS:
	not set
FILES:
	not set
EXTS:  not set
----------------------------------------
COMPRESSING
SIZE:	113.95MB
STATS:	Dirs 763 | Files 5,024
SQL ADDED: 20210204_evaluationwordpressfront_315e8d1719ac457a1120_20210204142341_database.sql
ZipArchive Object
(
    [status] => 0
    [statusSys] => 0
    [numFiles] => 5787
    [filename] => C:\Users\59011-95-20\Documents\DWWM2020-2\evalwp\wordpress\wp-content\backups-dup-lite\tmp\20210204_evaluationwordpressfront_315e8d1719ac457a1120_20210204142341_archive.zip
    [comment] => 
)

FILE ADDED TO ZIP: 5786
COMPRESSION RESULT: '1'
COMPRESSED SIZE: 38.38MB
ARCHIVE RUNTIME: 8.78 sec.
MEMORY STACK: 6MB
building installer
add_extra_files1
add_extra_files2
add_extra_files3
add_extra_files4
Doing archive file check
add_extra_files5
add_extra_files6
add_extra_files8
Successfully opened zip C:/Users/59011-95-20/Documents/DWWM2020-2/evalwp/wordpress/wp-content/backups-dup-lite/tmp/20210204_evaluationwordpressfront_315e8d1719ac457a1120_20210204142341_archive.zip
Adding enhanced installer files to archive using ZipArchive
Installer files added to archive
Added to archive
After ziparchive close when adding installer

********************************************************************************
INTEGRITY CHECKS:
********************************************************************************
SQL FILE: 646.43KB
INSTALLER FILE: 61.3KB
ARCHIVE FILE: 39.89MB 
EXPECTED FILE/DIRECTORY COUNT: 5,787
ACTUAL FILE/DIRECTORY COUNT: 5,786
ARCHIVE CONSISTENCY TEST: Pass

********************************************************************************
RECORD ID:[2]
TOTAL PROCESS RUNTIME: 10.45 sec.
PEAK PHP MEMORY USED: 6MB
DONE PROCESSING => 20210204_evaluationwordpressfront 4 February 2021 14h24

