********************************************************************************
DUPLICATOR-LITE PACKAGE-LOG: 11 February 2021 15h22
NOTICE: Do NOT post to public sites or forums 
********************************************************************************
VERSION:	1.3.40.1
WORDPRESS:	5.6
PHP INFO:	7.3.21 | SAPI: apache2handler
SERVER:		Apache/2.4.46 (Win64) PHP/7.3.21 
PHP TIME LIMIT: (0) no time limit imposed 
PHP MAX MEMORY: 4294967296 (128M default) 
MEMORY STACK: 4MB

********************************************************************************
DATABASE:
********************************************************************************
BUILD MODE:   PHP(query limit - 100)
MYSQLTIMEOUT: 5000
MYSQLDUMP:    Not Supported
TABLES: total:14 | filtered:0 | create:14
FILTERED: []
SQL CREATED: 20210211_evalwpback_09669df65911e52e7635_20210211152249_database.sql
SQL FILE SIZE: 480.33KB (491862)
SQL FILE TIME: 2021-02-11 15:22:59
SQL RUNTIME: 0.65 sec.

********************************************************************************
ARCHIVE (ZIP):
********************************************************************************
ARCHIVE DIR:  C:/Users/59011-95-20/Documents/DWWM2020-2/evalwpback/wordpress
ARCHIVE FILE: 20210211_evalwpback_09669df65911e52e7635_20210211152249_archive.zip
FILTERS: *OFF*
DIRS:
	not set
FILES:
	not set
EXTS:  not set
----------------------------------------
COMPRESSING
SIZE:	58.43MB
STATS:	Dirs 349 | Files 2,541
SQL ADDED: 20210211_evalwpback_09669df65911e52e7635_20210211152249_database.sql
ZipArchive Object
(
    [status] => 0
    [statusSys] => 0
    [numFiles] => 2890
    [filename] => C:\Users\59011-95-20\Documents\DWWM2020-2\evalwpback\wordpress\wp-content\backups-dup-lite\tmp\20210211_evalwpback_09669df65911e52e7635_20210211152249_archive.zip
    [comment] => 
)

FILE ADDED TO ZIP: 2889
COMPRESSION RESULT: '1'
COMPRESSED SIZE: 19.56MB
ARCHIVE RUNTIME: 19.05 sec.
MEMORY STACK: 6MB
building installer
add_extra_files1
add_extra_files2
add_extra_files3
add_extra_files4
Doing archive file check
add_extra_files5
add_extra_files6
add_extra_files8
Successfully opened zip C:/Users/59011-95-20/Documents/DWWM2020-2/evalwpback/wordpress/wp-content/backups-dup-lite/tmp/20210211_evalwpback_09669df65911e52e7635_20210211152249_archive.zip
Adding enhanced installer files to archive using ZipArchive
Installer files added to archive
Added to archive
After ziparchive close when adding installer

********************************************************************************
INTEGRITY CHECKS:
********************************************************************************
SQL FILE: 480.33KB
INSTALLER FILE: 61.29KB
ARCHIVE FILE: 21.05MB 
EXPECTED FILE/DIRECTORY COUNT: 2,890
ACTUAL FILE/DIRECTORY COUNT: 2,889
ARCHIVE CONSISTENCY TEST: Pass

********************************************************************************
RECORD ID:[1]
TOTAL PROCESS RUNTIME: 20.43 sec.
PEAK PHP MEMORY USED: 6MB
DONE PROCESSING => 20210211_evalwpback 11 February 2021 15h23

